<?xml version="1.0" encoding="utf-8" ?>
<!DOCTYPE html PUBLIC "-//W3C//DTD XHTML 1.0 Strict//EN"
        "http://www.w3.org/TR/xhtml1/DTD/xhtml1-strict.dtd">
<html xmlns="http://www.w3.org/1999/xhtml" xml:lang="" lang="">
<head>
  <title>Test Results Report - HomePage</title>
  <meta http-equiv="Content-Type" content="text/html;charset=utf-8" />
  <meta name="description" content="TestNG unit test results." />
  <link href="reportng.css" rel="stylesheet" type="text/css" />
    <script type="text/javascript" src="reportng.js"></script>
</head>
<body>
<h1>HomePage</h1>
<p>
  Test duration: 103.757s
</p>



  <table class="resultsTable">
    <tr><th colspan="3" class="header failed">Failed Tests</th></tr>
          <tr>
        <td colspan="3" class="group">tests.tablet.homeUI.CurrentMeetingValuesVerifications</td>
      </tr>
            
<tr>
  <td class="method">
                  testAvailableColorIsDisplayedOnNextTileWhenAMeetingIsCurrentInTheRoomAndIsFreeEOD
      </td>
  <td class="duration">
    0.039s
  </td>
  <td class="result">
        
    
            <div class="testOutput">
                        <a href="X:\QADEV01\Automation\Tasks\Eliana\RoomManager-Automation\RoomManager-Automation/test-output/html/screenshots/testAvailableColorIsDisplayedOnNextTileWhenAMeetingIsCurrentInTheRoomAndIsFreeEOD.png"><img src="file:///X:\QADEV01\Automation\Tasks\Eliana\RoomManager-Automation\RoomManager-Automation/test-output/html/screenshots/testAvailableColorIsDisplayedOnNextTileWhenAMeetingIsCurrentInTheRoomAndIsFreeEOD.png" alt=""height='100' width='100'/> <br />
                  </div>
    

        <a href="javascript:toggleElement('exception-0', 'block')" title="Click to expand/collapse"><b>java.lang.AssertionError: expected [null] but found [rgba(0, 128, 0, 1)]</b></a><br />
    <div class="stackTrace" id="exception-0">
              org.testng.Assert.fail(Assert.java:94)<br />
              org.testng.Assert.failNotEquals(Assert.java:494)<br />
              org.testng.Assert.assertEquals(Assert.java:123)<br />
              org.testng.Assert.assertEquals(Assert.java:176)<br />
              org.testng.Assert.assertEquals(Assert.java:186)<br />
              tests.tablet.homeUI.CurrentMeetingValuesVerifications.testAvailableColorIsDisplayedOnNextTileWhenAMeetingIsCurrentInTheRoomAndIsFreeEOD(Unknown Source)<br />
              sun.reflect.NativeMethodAccessorImpl.invoke0(Native Method)<br />
              sun.reflect.NativeMethodAccessorImpl.invoke(Unknown Source)<br />
              sun.reflect.DelegatingMethodAccessorImpl.invoke(Unknown Source)<br />
              java.lang.reflect.Method.invoke(Unknown Source)<br />
              org.testng.internal.MethodInvocationHelper.invokeMethod(MethodInvocationHelper.java:84)<br />
              org.testng.internal.Invoker.invokeMethod(Invoker.java:714)<br />
              org.testng.internal.Invoker.invokeTestMethod(Invoker.java:901)<br />
              org.testng.internal.Invoker.invokeTestMethods(Invoker.java:1231)<br />
              org.testng.internal.TestMethodWorker.invokeTestMethods(TestMethodWorker.java:127)<br />
              org.testng.internal.TestMethodWorker.run(TestMethodWorker.java:111)<br />
              org.testng.TestRunner.privateRun(TestRunner.java:767)<br />
              org.testng.TestRunner.run(TestRunner.java:617)<br />
              org.testng.SuiteRunner.runTest(SuiteRunner.java:334)<br />
              org.testng.SuiteRunner.runSequentially(SuiteRunner.java:329)<br />
              org.testng.SuiteRunner.privateRun(SuiteRunner.java:291)<br />
              org.testng.SuiteRunner.run(SuiteRunner.java:240)<br />
              org.testng.SuiteRunnerWorker.runSuite(SuiteRunnerWorker.java:52)<br />
              org.testng.SuiteRunnerWorker.run(SuiteRunnerWorker.java:86)<br />
              org.testng.TestNG.runSuitesSequentially(TestNG.java:1224)<br />
              org.testng.TestNG.runSuitesLocally(TestNG.java:1149)<br />
              org.testng.TestNG.run(TestNG.java:1057)<br />
              org.testng.TestNG.privateMain(TestNG.java:1364)<br />
              org.testng.TestNG.main(TestNG.java:1333)<br />
                </div>
      </td>
</tr>
          <tr>
        <td colspan="3" class="group">tests.tablet.homeUI.NextMeetingInformationIsDeletedWhenItIsRemoved</td>
      </tr>
            
<tr>
  <td class="method">
                  testNextMeetingInformationIsDeletedWhenItIsRemoved
      </td>
  <td class="duration">
    6.187s
  </td>
  <td class="result">
        
    
            <div class="testOutput">
                        <a href="X:\QADEV01\Automation\Tasks\Eliana\RoomManager-Automation\RoomManager-Automation/test-output/html/screenshots/testNextMeetingInformationIsDeletedWhenItIsRemoved.png"><img src="file:///X:\QADEV01\Automation\Tasks\Eliana\RoomManager-Automation\RoomManager-Automation/test-output/html/screenshots/testNextMeetingInformationIsDeletedWhenItIsRemoved.png" alt=""height='100' width='100'/> <br />
                  </div>
    

        <a href="javascript:toggleElement('exception-1', 'block')" title="Click to expand/collapse"><b>java.lang.AssertionError: expected [Next meeting] but found [Current meeting]</b></a><br />
    <div class="stackTrace" id="exception-1">
              org.testng.Assert.fail(Assert.java:94)<br />
              org.testng.Assert.failNotEquals(Assert.java:494)<br />
              org.testng.Assert.assertEquals(Assert.java:123)<br />
              org.testng.Assert.assertEquals(Assert.java:176)<br />
              org.testng.Assert.assertEquals(Assert.java:186)<br />
              tests.tablet.homeUI.NextMeetingInformationIsDeletedWhenItIsRemoved.testNextMeetingInformationIsDeletedWhenItIsRemoved(Unknown Source)<br />
              sun.reflect.NativeMethodAccessorImpl.invoke0(Native Method)<br />
              sun.reflect.NativeMethodAccessorImpl.invoke(Unknown Source)<br />
              sun.reflect.DelegatingMethodAccessorImpl.invoke(Unknown Source)<br />
              java.lang.reflect.Method.invoke(Unknown Source)<br />
              org.testng.internal.MethodInvocationHelper.invokeMethod(MethodInvocationHelper.java:84)<br />
              org.testng.internal.Invoker.invokeMethod(Invoker.java:714)<br />
              org.testng.internal.Invoker.invokeTestMethod(Invoker.java:901)<br />
              org.testng.internal.Invoker.invokeTestMethods(Invoker.java:1231)<br />
              org.testng.internal.TestMethodWorker.invokeTestMethods(TestMethodWorker.java:127)<br />
              org.testng.internal.TestMethodWorker.run(TestMethodWorker.java:111)<br />
              org.testng.TestRunner.privateRun(TestRunner.java:767)<br />
              org.testng.TestRunner.run(TestRunner.java:617)<br />
              org.testng.SuiteRunner.runTest(SuiteRunner.java:334)<br />
              org.testng.SuiteRunner.runSequentially(SuiteRunner.java:329)<br />
              org.testng.SuiteRunner.privateRun(SuiteRunner.java:291)<br />
              org.testng.SuiteRunner.run(SuiteRunner.java:240)<br />
              org.testng.SuiteRunnerWorker.runSuite(SuiteRunnerWorker.java:52)<br />
              org.testng.SuiteRunnerWorker.run(SuiteRunnerWorker.java:86)<br />
              org.testng.TestNG.runSuitesSequentially(TestNG.java:1224)<br />
              org.testng.TestNG.runSuitesLocally(TestNG.java:1149)<br />
              org.testng.TestNG.run(TestNG.java:1057)<br />
              org.testng.TestNG.privateMain(TestNG.java:1364)<br />
              org.testng.TestNG.main(TestNG.java:1333)<br />
                </div>
      </td>
</tr>
          <tr>
        <td colspan="3" class="group">tests.tablet.homeUI.NextMeetingValuesVerifications</td>
      </tr>
            
<tr>
  <td class="method">
                  testTimeLeftDisplayTimeUntilNextMeetingWhenRoomIsFreeBeforeInNowTape
      </td>
  <td class="duration">
    0.049s
  </td>
  <td class="result">
        
    
            <div class="testOutput">
                        <a href="X:\QADEV01\Automation\Tasks\Eliana\RoomManager-Automation\RoomManager-Automation/test-output/html/screenshots/testTimeLeftDisplayTimeUntilNextMeetingWhenRoomIsFreeBeforeInNowTape.png"><img src="file:///X:\QADEV01\Automation\Tasks\Eliana\RoomManager-Automation\RoomManager-Automation/test-output/html/screenshots/testTimeLeftDisplayTimeUntilNextMeetingWhenRoomIsFreeBeforeInNowTape.png" alt=""height='100' width='100'/> <br />
                  </div>
    

        <a href="javascript:toggleElement('exception-2', 'block')" title="Click to expand/collapse"><b>java.lang.AssertionError: expected [00:20] but found [00:19]</b></a><br />
    <div class="stackTrace" id="exception-2">
              org.testng.Assert.fail(Assert.java:94)<br />
              org.testng.Assert.failNotEquals(Assert.java:494)<br />
              org.testng.Assert.assertEquals(Assert.java:123)<br />
              org.testng.Assert.assertEquals(Assert.java:176)<br />
              org.testng.Assert.assertEquals(Assert.java:186)<br />
              tests.tablet.homeUI.NextMeetingValuesVerifications.testTimeLeftDisplayTimeUntilNextMeetingWhenRoomIsFreeBeforeInNowTape(Unknown Source)<br />
              sun.reflect.NativeMethodAccessorImpl.invoke0(Native Method)<br />
              sun.reflect.NativeMethodAccessorImpl.invoke(Unknown Source)<br />
              sun.reflect.DelegatingMethodAccessorImpl.invoke(Unknown Source)<br />
              java.lang.reflect.Method.invoke(Unknown Source)<br />
              org.testng.internal.MethodInvocationHelper.invokeMethod(MethodInvocationHelper.java:84)<br />
              org.testng.internal.Invoker.invokeMethod(Invoker.java:714)<br />
              org.testng.internal.Invoker.invokeTestMethod(Invoker.java:901)<br />
              org.testng.internal.Invoker.invokeTestMethods(Invoker.java:1231)<br />
              org.testng.internal.TestMethodWorker.invokeTestMethods(TestMethodWorker.java:127)<br />
              org.testng.internal.TestMethodWorker.run(TestMethodWorker.java:111)<br />
              org.testng.TestRunner.privateRun(TestRunner.java:767)<br />
              org.testng.TestRunner.run(TestRunner.java:617)<br />
              org.testng.SuiteRunner.runTest(SuiteRunner.java:334)<br />
              org.testng.SuiteRunner.runSequentially(SuiteRunner.java:329)<br />
              org.testng.SuiteRunner.privateRun(SuiteRunner.java:291)<br />
              org.testng.SuiteRunner.run(SuiteRunner.java:240)<br />
              org.testng.SuiteRunnerWorker.runSuite(SuiteRunnerWorker.java:52)<br />
              org.testng.SuiteRunnerWorker.run(SuiteRunnerWorker.java:86)<br />
              org.testng.TestNG.runSuitesSequentially(TestNG.java:1224)<br />
              org.testng.TestNG.runSuitesLocally(TestNG.java:1149)<br />
              org.testng.TestNG.run(TestNG.java:1057)<br />
              org.testng.TestNG.privateMain(TestNG.java:1364)<br />
              org.testng.TestNG.main(TestNG.java:1333)<br />
                </div>
      </td>
</tr>
          <tr>
        <td colspan="3" class="group">tests.tablet.homeUI.TimeLeftUntilNextMeetingWhenRoomIsBussy</td>
      </tr>
            
<tr>
  <td class="method">
                  testTimeLeftUntilNextMeetingWhenRoomIsBussy
      </td>
  <td class="duration">
    0.989s
  </td>
  <td class="result">
        
    
            <div class="testOutput">
                        <a href="X:\QADEV01\Automation\Tasks\Eliana\RoomManager-Automation\RoomManager-Automation/test-output/html/screenshots/testTimeLeftUntilNextMeetingWhenRoomIsBussy.png"><img src="file:///X:\QADEV01\Automation\Tasks\Eliana\RoomManager-Automation\RoomManager-Automation/test-output/html/screenshots/testTimeLeftUntilNextMeetingWhenRoomIsBussy.png" alt=""height='100' width='100'/> <br />
                  </div>
    

        <a href="javascript:toggleElement('exception-3', 'block')" title="Click to expand/collapse"><b>java.lang.AssertionError: expected [00:19] but found [00:08]</b></a><br />
    <div class="stackTrace" id="exception-3">
              org.testng.Assert.fail(Assert.java:94)<br />
              org.testng.Assert.failNotEquals(Assert.java:494)<br />
              org.testng.Assert.assertEquals(Assert.java:123)<br />
              org.testng.Assert.assertEquals(Assert.java:176)<br />
              org.testng.Assert.assertEquals(Assert.java:186)<br />
              tests.tablet.homeUI.TimeLeftUntilNextMeetingWhenRoomIsBussy.testTimeLeftUntilNextMeetingWhenRoomIsBussy(Unknown Source)<br />
              sun.reflect.NativeMethodAccessorImpl.invoke0(Native Method)<br />
              sun.reflect.NativeMethodAccessorImpl.invoke(Unknown Source)<br />
              sun.reflect.DelegatingMethodAccessorImpl.invoke(Unknown Source)<br />
              java.lang.reflect.Method.invoke(Unknown Source)<br />
              org.testng.internal.MethodInvocationHelper.invokeMethod(MethodInvocationHelper.java:84)<br />
              org.testng.internal.Invoker.invokeMethod(Invoker.java:714)<br />
              org.testng.internal.Invoker.invokeTestMethod(Invoker.java:901)<br />
              org.testng.internal.Invoker.invokeTestMethods(Invoker.java:1231)<br />
              org.testng.internal.TestMethodWorker.invokeTestMethods(TestMethodWorker.java:127)<br />
              org.testng.internal.TestMethodWorker.run(TestMethodWorker.java:111)<br />
              org.testng.TestRunner.privateRun(TestRunner.java:767)<br />
              org.testng.TestRunner.run(TestRunner.java:617)<br />
              org.testng.SuiteRunner.runTest(SuiteRunner.java:334)<br />
              org.testng.SuiteRunner.runSequentially(SuiteRunner.java:329)<br />
              org.testng.SuiteRunner.privateRun(SuiteRunner.java:291)<br />
              org.testng.SuiteRunner.run(SuiteRunner.java:240)<br />
              org.testng.SuiteRunnerWorker.runSuite(SuiteRunnerWorker.java:52)<br />
              org.testng.SuiteRunnerWorker.run(SuiteRunnerWorker.java:86)<br />
              org.testng.TestNG.runSuitesSequentially(TestNG.java:1224)<br />
              org.testng.TestNG.runSuitesLocally(TestNG.java:1149)<br />
              org.testng.TestNG.run(TestNG.java:1057)<br />
              org.testng.TestNG.privateMain(TestNG.java:1364)<br />
              org.testng.TestNG.main(TestNG.java:1333)<br />
                </div>
      </td>
</tr>
      </table>


  <table class="resultsTable">
    <tr><th colspan="3" class="header passed">Passed Tests</th></tr>
          <tr>
        <td colspan="3" class="group">tests.tablet.homeUI.CurrentMeetingValuesVerifications</td>
      </tr>
            
<tr>
  <td class="method">
                  testAvailableMessageDisplayedInNextTileWhenRoomIsFreeAfterAMeeting
      </td>
  <td class="duration">
    0.141s
  </td>
  <td class="result">
        
    
        

      </td>
</tr>
<tr>
  <td class="method">
                  testBussyColorIsDisplayedOnNowTileWhenAMeetingIsInProgressInTheRoom
      </td>
  <td class="duration">
    0.031s
  </td>
  <td class="result">
        
    
        

      </td>
</tr>
<tr>
  <td class="method">
                  testCurrentMeetingOrganizerIsDisplayedOnNowTile
      </td>
  <td class="duration">
    0.053s
  </td>
  <td class="result">
        
    
        

      </td>
</tr>
<tr>
  <td class="method">
                  testCurrentMeetingSubjectDisplayedOnNowTile
      </td>
  <td class="duration">
    0.130s
  </td>
  <td class="result">
        
    
        

      </td>
</tr>
<tr>
  <td class="method">
                  testIntervalTimeDisplayedForNextMeetingInRoomIsFromEndTimeCurrentMeetingToMidnight
      </td>
  <td class="duration">
    0.107s
  </td>
  <td class="result">
        
    
        

      </td>
</tr>
          <tr>
        <td colspan="3" class="group">tests.tablet.homeUI.HomePageInformation</td>
      </tr>
            
<tr>
  <td class="method">
                  testAvailableColorIsDisplayedInNowTileWhenAnyMeetingIsInProgress
      </td>
  <td class="duration">
    1.346s
  </td>
  <td class="result">
        
    
        

      </td>
</tr>
<tr>
  <td class="method">
                  testAvailableMessageDisplayedWhenRoomIsFreeEOD
      </td>
  <td class="duration">
    0.140s
  </td>
  <td class="result">
        
    
        

      </td>
</tr>
<tr>
  <td class="method">
                  testCurrentTimeIsDisplayedInMainWindow
      </td>
  <td class="duration">
    0.081s
  </td>
  <td class="result">
        
    
        

      </td>
</tr>
<tr>
  <td class="method">
                  testEndOfDayMessageIsDisplayedWhenRoomIsFreeEOD
      </td>
  <td class="duration">
    0.122s
  </td>
  <td class="result">
        
    
        

      </td>
</tr>
<tr>
  <td class="method">
                  testRoomCodeDisplayedInMainWindow
      </td>
  <td class="duration">
    0.134s
  </td>
  <td class="result">
        
    
        

      </td>
</tr>
<tr>
  <td class="method">
                  testRoomNameDisplayedInMainWindow
      </td>
  <td class="duration">
    0.113s
  </td>
  <td class="result">
        
    
        

      </td>
</tr>
<tr>
  <td class="method">
                  testTimeLeftUntilMidnightWhenRoomIsFreeAfter
      </td>
  <td class="duration">
    0.046s
  </td>
  <td class="result">
        
    
        

      </td>
</tr>
          <tr>
        <td colspan="3" class="group">tests.tablet.homeUI.NavigationFromHomePage</td>
      </tr>
            
<tr>
  <td class="method">
                  testSchedulePageIsDisplayedWhenNowTileIsClickedAndTheRoomIsFreeEOD
      </td>
  <td class="duration">
    1.613s
  </td>
  <td class="result">
        
    
        

      </td>
</tr>
<tr>
  <td class="method">
                  testSchedulePageIsDisplayedWhenScheduleButtonIsClicked
      </td>
  <td class="duration">
    1.618s
  </td>
  <td class="result">
        
    
        

      </td>
</tr>
<tr>
  <td class="method">
                  testSchedulePageIsDisplayedWhenTimeLineIsClicked
      </td>
  <td class="duration">
    1.301s
  </td>
  <td class="result">
        
    
        

      </td>
</tr>
<tr>
  <td class="method">
                  testSearchPageIsDisplayedWhenSearchButtonIsClicked
      </td>
  <td class="duration">
    1.258s
  </td>
  <td class="result">
        
    
        

      </td>
</tr>
          <tr>
        <td colspan="3" class="group">tests.tablet.homeUI.NextMeetingValuesVerifications</td>
      </tr>
            
<tr>
  <td class="method">
                  testBussyColorIsDisplayedOnNextTileWhenAMeetingIsSetInTheRoom
      </td>
  <td class="duration">
    0.043s
  </td>
  <td class="result">
        
    
        

      </td>
</tr>
<tr>
  <td class="method">
                  testIntervalTimeDisplayedForNextMeetingInRoom
      </td>
  <td class="duration">
    0.141s
  </td>
  <td class="result">
        
    
        

      </td>
</tr>
          <tr>
        <td colspan="3" class="group">tests.tablet.homeUI.UpdateOfNextMeetingSubjetWhenItIsChanged</td>
      </tr>
            
<tr>
  <td class="method">
                  testRefreshOfNextMeetingNameWhenItIsUpdated
      </td>
  <td class="duration">
    3.404s
  </td>
  <td class="result">
        
    
        

      </td>
</tr>
      </table>
  
</body>
</html>
