<?xml version="1.0" encoding="UTF-8"?>
<!-- Generated by org.testng.reporters.JUnitReportReporter -->
<testsuite hostname="VLQADEV-E03" name="tests.tablet.homeUI.CurrentMeetingValuesVerifications" tests="6" failures="0" timestamp="27 Mar 2015 16:44:40 GMT" time="0.501" errors="1">
  <testcase name="testCurrentMeetingOrganizerIsDisplayedOnNowTile" time="0.053" classname="tests.tablet.homeUI.CurrentMeetingValuesVerifications"/>
  <testcase name="testCurrentMeetingSubjectDisplayedOnNowTile" time="0.130" classname="tests.tablet.homeUI.CurrentMeetingValuesVerifications"/>
  <testcase name="testAvailableColorIsDisplayedOnNextTileWhenAMeetingIsCurrentInTheRoomAndIsFreeEOD" time="0.039" classname="tests.tablet.homeUI.CurrentMeetingValuesVerifications">
    <error type="java.lang.AssertionError" message="expected [null] but found [rgba(0, 128, 0, 1)]">
      <![CDATA[java.lang.AssertionError: expected [null] but found [rgba(0, 128, 0, 1)]
	at org.testng.Assert.fail(Assert.java:94)
	at org.testng.Assert.failNotEquals(Assert.java:494)
	at org.testng.Assert.assertEquals(Assert.java:123)
	at org.testng.Assert.assertEquals(Assert.java:176)
	at org.testng.Assert.assertEquals(Assert.java:186)
	at tests.tablet.homeUI.CurrentMeetingValuesVerifications.testAvailableColorIsDisplayedOnNextTileWhenAMeetingIsCurrentInTheRoomAndIsFreeEOD(Unknown Source)
	at sun.reflect.NativeMethodAccessorImpl.invoke0(Native Method)
	at sun.reflect.NativeMethodAccessorImpl.invoke(Unknown Source)
	at sun.reflect.DelegatingMethodAccessorImpl.invoke(Unknown Source)
	at java.lang.reflect.Method.invoke(Unknown Source)
	at org.testng.internal.MethodInvocationHelper.invokeMethod(MethodInvocationHelper.java:84)
	at org.testng.internal.Invoker.invokeMethod(Invoker.java:714)
	at org.testng.internal.Invoker.invokeTestMethod(Invoker.java:901)
	at org.testng.internal.Invoker.invokeTestMethods(Invoker.java:1231)
	at org.testng.internal.TestMethodWorker.invokeTestMethods(TestMethodWorker.java:127)
	at org.testng.internal.TestMethodWorker.run(TestMethodWorker.java:111)
	at org.testng.TestRunner.privateRun(TestRunner.java:767)
	at org.testng.TestRunner.run(TestRunner.java:617)
	at org.testng.SuiteRunner.runTest(SuiteRunner.java:334)
	at org.testng.SuiteRunner.runSequentially(SuiteRunner.java:329)
	at org.testng.SuiteRunner.privateRun(SuiteRunner.java:291)
	at org.testng.SuiteRunner.run(SuiteRunner.java:240)
	at org.testng.SuiteRunnerWorker.runSuite(SuiteRunnerWorker.java:52)
	at org.testng.SuiteRunnerWorker.run(SuiteRunnerWorker.java:86)
	at org.testng.TestNG.runSuitesSequentially(TestNG.java:1224)
	at org.testng.TestNG.runSuitesLocally(TestNG.java:1149)
	at org.testng.TestNG.run(TestNG.java:1057)
	at org.testng.TestNG.privateMain(TestNG.java:1364)
	at org.testng.TestNG.main(TestNG.java:1333)
]]>
    </error>
  </testcase> <!-- testAvailableColorIsDisplayedOnNextTileWhenAMeetingIsCurrentInTheRoomAndIsFreeEOD -->
  <testcase name="testIntervalTimeDisplayedForNextMeetingInRoomIsFromEndTimeCurrentMeetingToMidnight" time="0.107" classname="tests.tablet.homeUI.CurrentMeetingValuesVerifications"/>
  <testcase name="testAvailableMessageDisplayedInNextTileWhenRoomIsFreeAfterAMeeting" time="0.141" classname="tests.tablet.homeUI.CurrentMeetingValuesVerifications"/>
  <testcase name="testBussyColorIsDisplayedOnNowTileWhenAMeetingIsInProgressInTheRoom" time="0.031" classname="tests.tablet.homeUI.CurrentMeetingValuesVerifications"/>
</testsuite> <!-- tests.tablet.homeUI.CurrentMeetingValuesVerifications -->
